<?xml version="1.0" encoding="UTF-8"?>
<Site BuildName="Win32-MSBuild"
	BuildStamp="20240917-0315-Experimental"
	Name="LAPTOP-P7PR7NRJ"
	Generator="ctest-3.30.3"
	CompilerName="C:/Program Files (x86)/Microsoft Visual Studio/2019/BuildTools/VC/Tools/MSVC/14.29.30133/bin/Hostx64/x64/cl.exe"
	CompilerVersion="19.29.30154.0"
	OSName="Windows"
	Hostname="LAPTOP-P7PR7NRJ"
	OSRelease=" Personal"
	OSVersion=" (Build 22631)"
	OSPlatform="AMD64"
	Is64Bits="1"
	VendorString="GenuineIntel"
	VendorID="Intel Corporation"
	FamilyID="6"
	ModelID="12"
	ProcessorCacheSize="-1"
	NumberOfLogicalCPU="8"
	NumberOfPhysicalCPU="4"
	TotalVirtualMemory="23756"
	TotalPhysicalMemory="7884"
	LogicalProcessorsPerPhysical="2"
	ProcessorClockFrequency="2803"
	>
	<Testing>
		<StartDateTime>Sep 17 10:16 SE Asia Standard Time</StartDateTime>
		<StartTestTime>1726542995</StartTestTime>
		<TestList/>
		<EndDateTime>Sep 17 10:16 SE Asia Standard Time</EndDateTime>
		<EndTestTime>1726542995</EndTestTime>
		<ElapsedMinutes>0</ElapsedMinutes>
	</Testing>
</Site>
