<?xml version="1.0" encoding="UTF-8"?>
<Site BuildName="Win32-MSBuild"
	BuildStamp="20241001-0606-Experimental"
	Name="LAPTOP-P7PR7NRJ"
	Generator="ctest-3.30.3"
	CompilerName="C:/Program Files (x86)/Microsoft Visual Studio/2022/BuildTools/VC/Tools/MSVC/14.41.34120/bin/Hostx86/x64/cl.exe"
	CompilerVersion="19.41.34120.0"
	OSName="Windows"
	Hostname="LAPTOP-P7PR7NRJ"
	OSRelease=" Personal"
	OSVersion=" (Build 22631)"
	OSPlatform="AMD64"
	Is64Bits="1"
	VendorString="GenuineIntel"
	VendorID="Intel Corporation"
	FamilyID="6"
	ModelID="12"
	ProcessorCacheSize="-1"
	NumberOfLogicalCPU="8"
	NumberOfPhysicalCPU="4"
	TotalVirtualMemory="23756"
	TotalPhysicalMemory="7884"
	LogicalProcessorsPerPhysical="2"
	ProcessorClockFrequency="2803"
	>
	<Testing>
		<StartDateTime>Oct 01 13:06 SE Asia Standard Time</StartDateTime>
		<StartTestTime>1727762767</StartTestTime>
		<TestList/>
		<EndDateTime>Oct 01 13:06 SE Asia Standard Time</EndDateTime>
		<EndTestTime>1727762767</EndTestTime>
		<ElapsedMinutes>0</ElapsedMinutes>
	</Testing>
</Site>
